1696548441807	geckodriver	INFO	Listening on 127.0.0.1:32849
1696548442338	mozrunner::runner	INFO	Running command: MOZ_CRASHREPORTER="1" MOZ_CRASHREPORTER_NO_REPORT="1" MOZ_CRASHREPORTER_SHUTDOWN="1" MOZ_NO_REMOTE="1" "/usr ... te" "--remote-debugging-port" "44423" "--remote-allow-hosts" "localhost" "-no-remote" "-profile" "/tmp/rust_mozprofileToN675"

(firefox:72188): Gtk-WARNING **: 20:27:22.365: Locale not supported by C library.
	Using the fallback 'C' locale.
console.warn: services.settings: Ignoring preference override of remote settings server
console.warn: services.settings: Allow by setting MOZ_REMOTE_SETTINGS_DEVTOOLS=1 in the environment
ATTENTION: default value of option mesa_glthread overridden by environment.
1696548446779	Marionette	INFO	Marionette enabled
ATTENTION: default value of option mesa_glthread overridden by environment.
1696548447142	Marionette	INFO	Listening on port 43435
Read port: 43435
WebDriver BiDi listening on ws://127.0.0.1:44423
1696548447365	RemoteAgent	WARN	TLS certificate errors will be ignored for this session
console.error: ({})
DevTools listening on ws://127.0.0.1:44423/devtools/browser/8dffb1b5-96aa-4bbe-920a-6115e65a3b18
/home/cristofferp/.wdm/drivers/geckodriver/linux64/v0.33.0/geckodriver: error: Address in use (os error 98)
geckodriver 0.33.0 (a80e5fd61076 2023-04-02 18:31 +0000) 
WebDriver implementation for Firefox

USAGE:
    geckodriver [OPTIONS]

OPTIONS:
        --allow-hosts <ALLOW_HOSTS>...
            List of hostnames to allow. By default the value of --host is allowed, and in addition
            if that's a well known local address, other variations on well known local addresses are
            allowed. If --allow-hosts is provided only exactly those hosts are allowed.

        --allow-origins <ALLOW_ORIGINS>...
            List of request origins to allow. These must be formatted as scheme://host:port. By
            default any request with an origin header is rejected. If --allow-origins is provided
            then only exactly those origins are allowed.

        --android-storage <ANDROID_STORAGE>
            Selects storage location to be used for test data (deprecated). [possible values: auto,
            app, internal, sdcard]

    -b, --binary <BINARY>
            Path to the Firefox binary

        --connect-existing
            Connect to an existing Firefox instance

    -h, --help
            Prints this message

        --host <HOST>
            Host IP to use for WebDriver server [default: 127.0.0.1]

        --jsdebugger
            Attach browser toolbox debugger for Firefox

        --log <LEVEL>
            Set Gecko log level [possible values: fatal, error, warn, info, config, debug, trace]

        --log-no-truncate
            Disable truncation of long log lines

        --marionette-host <HOST>
            Host to use to connect to Gecko [default: 127.0.0.1]

        --marionette-port <PORT>
            Port to use to connect to Gecko [default: system-allocated port]

    -p, --port <PORT>
            Port to use for WebDriver server [default: 4444]

        --profile-root <PROFILE_ROOT>
            Directory in which to create profiles. Defaults to the system temporary directory.

    -v
            Log level verbosity (-v for debug and -vv for trace level)

    -V, --version
            Prints version and copying information

        --websocket-port <PORT>
            Port to use to connect to WebDriver BiDi [default: 9222]

console.error: "update.locale" " file doesn't exist in either the application or GRE directories"
1696548477425	Marionette	INFO	Stopped listening on port 43435
console.warn: services.settings: blocklists/gfx sync interrupted by shutdown
console.warn: services.settings: main/normandy-recipes-capabilities sync interrupted by shutdown
console.warn: services.settings: main/devtools-compatibility-browsers sync interrupted by shutdown
console.warn: services.settings: main/language-dictionaries sync interrupted by shutdown
console.error: (new Error("IndexedDB: main/password-recipes getLastModified() IndexedDB:  execute() The application is shutting down", "resource://services-settings/IDBHelpers.sys.mjs", 16))
